Determining if the pthread_create exist failed with the following output:
Change Dir: /home/ruslan/Facultad/Algo1 2017/TPI2017/TPIalgo1/salaDeReuniones_TPI/src/cmake-build-debug/CMakeFiles/CMakeTmp

Run Build Command:"/usr/bin/make" "cmTC_8f96b/fast"
/usr/bin/make -f CMakeFiles/cmTC_8f96b.dir/build.make CMakeFiles/cmTC_8f96b.dir/build
make[1]: se ingresa al directorio «/home/ruslan/Facultad/Algo1 2017/TPI2017/TPIalgo1/salaDeReuniones_TPI/src/cmake-build-debug/CMakeFiles/CMakeTmp»
Building C object CMakeFiles/cmTC_8f96b.dir/CheckSymbolExists.c.o
/usr/bin/cc     -o CMakeFiles/cmTC_8f96b.dir/CheckSymbolExists.c.o   -c "/home/ruslan/Facultad/Algo1 2017/TPI2017/TPIalgo1/salaDeReuniones_TPI/src/cmake-build-debug/CMakeFiles/CMakeTmp/CheckSymbolExists.c"
Linking C executable cmTC_8f96b
/home/ruslan/Clion/clion-2017.1.1/bin/cmake/bin/cmake -E cmake_link_script CMakeFiles/cmTC_8f96b.dir/link.txt --verbose=1
/usr/bin/cc       CMakeFiles/cmTC_8f96b.dir/CheckSymbolExists.c.o  -o cmTC_8f96b -rdynamic 
CMakeFiles/cmTC_8f96b.dir/CheckSymbolExists.c.o: En la función `main':
CheckSymbolExists.c:(.text+0x16): referencia a `pthread_create' sin definir
collect2: error: ld returned 1 exit status
make[1]: *** [cmTC_8f96b] Error 1
make[1]: se sale del directorio «/home/ruslan/Facultad/Algo1 2017/TPI2017/TPIalgo1/salaDeReuniones_TPI/src/cmake-build-debug/CMakeFiles/CMakeTmp»
make: *** [cmTC_8f96b/fast] Error 2

File /home/ruslan/Facultad/Algo1 2017/TPI2017/TPIalgo1/salaDeReuniones_TPI/src/cmake-build-debug/CMakeFiles/CMakeTmp/CheckSymbolExists.c:
/* */
#include <pthread.h>

int main(int argc, char** argv)
{
  (void)argv;
#ifndef pthread_create
  return ((int*)(&pthread_create))[argc];
#else
  (void)argc;
  return 0;
#endif
}

